Reading netlist file: "C:\Users\andre\Documents\FPGA\BM13XX_FPGAv2\impl\gwsynthesis\BM13XX_FPGAv2.vg"
Parsing netlist file "C:\Users\andre\Documents\FPGA\BM13XX_FPGAv2\impl\gwsynthesis\BM13XX_FPGAv2.vg" completed
Processing netlist completed
Reading constraint file: "C:\Users\andre\Documents\FPGA\BM13XX_FPGAv2\src\BM13XX_pins.cst"
Physical Constraint parsed completed
Running placement......
[10%] Placement Phase 0 completed
[20%] Placement Phase 1 completed
[30%] Placement Phase 2 completed
[50%] Placement Phase 3 completed
Running routing......
[60%] Routing Phase 0 completed
[70%] Routing Phase 1 completed
[80%] Routing Phase 2 completed
[90%] Routing Phase 3 completed
ERROR  (PR0004) : There are total 1745 unrouted nets
Generate file "C:\Users\andre\Documents\FPGA\BM13XX_FPGAv2\impl\pnr\BM13XX_FPGAv2.pin.html" completed
Generate file "C:\Users\andre\Documents\FPGA\BM13XX_FPGAv2\impl\pnr\BM13XX_FPGAv2.rpt.html" completed
Generate file "C:\Users\andre\Documents\FPGA\BM13XX_FPGAv2\impl\pnr\BM13XX_FPGAv2.rpt.txt" completed
Sat May 23 01:51:06 2026

