GowinSynthesis start
Running parser ...
Analyzing Verilog file 'C:\Users\andre\Documents\FPGA\BM13XX_FPGAv2\src\BM13XX_top.v'
Analyzing Verilog file 'C:\Users\andre\Documents\FPGA\BM13XX_FPGAv2\src\crc32.v'
Analyzing Verilog file 'C:\Users\andre\Documents\FPGA\BM13XX_FPGAv2\src\gowin_pll\gowin_pll.v'
Analyzing Verilog file 'C:\Users\andre\Documents\FPGA\BM13XX_FPGAv2\src\sha-256-functions.v'
Analyzing Verilog file 'C:\Users\andre\Documents\FPGA\BM13XX_FPGAv2\src\sha256_transform.v'
Analyzing Verilog file 'C:\Users\andre\Documents\FPGA\BM13XX_FPGAv2\src\uart_comm.v'
ERROR (EX3884) : 'STATE_READ' is already declared("C:\Users\andre\Documents\FPGA\BM13XX_FPGAv2\src\uart_comm.v":181)
Previous declaration of 'STATE_READ' is from here("C:\Users\andre\Documents\FPGA\BM13XX_FPGAv2\src\uart_comm.v":70)
ERROR (EX3884) : 'STATE_PARSE' is already declared("C:\Users\andre\Documents\FPGA\BM13XX_FPGAv2\src\uart_comm.v":193)
Previous declaration of 'STATE_PARSE' is from here("C:\Users\andre\Documents\FPGA\BM13XX_FPGAv2\src\uart_comm.v":71)
ERROR (EX3884) : 'STATE_SEND' is already declared("C:\Users\andre\Documents\FPGA\BM13XX_FPGAv2\src\uart_comm.v":228)
Previous declaration of 'STATE_SEND' is from here("C:\Users\andre\Documents\FPGA\BM13XX_FPGAv2\src\uart_comm.v":72)
ERROR (EX3863) : Syntax error near ':'("C:\Users\andre\Documents\FPGA\BM13XX_FPGAv2\src\uart_comm.v":248)
ERROR (EX3863) : Syntax error near 'endcase'("C:\Users\andre\Documents\FPGA\BM13XX_FPGAv2\src\uart_comm.v":257)
ERROR (EX2656) : Verilog 2001 keyword 'endcase' used in incorrect context("C:\Users\andre\Documents\FPGA\BM13XX_FPGAv2\src\uart_comm.v":257)
ERROR (EX3863) : Syntax error near ']'("C:\Users\andre\Documents\FPGA\BM13XX_FPGAv2\src\uart_comm.v":262)
ERROR (EX3863) : Syntax error near ']'("C:\Users\andre\Documents\FPGA\BM13XX_FPGAv2\src\uart_comm.v":263)
ERROR (EX3863) : Syntax error near ']'("C:\Users\andre\Documents\FPGA\BM13XX_FPGAv2\src\uart_comm.v":265)
ERROR (EX3863) : Syntax error near ';'("C:\Users\andre\Documents\FPGA\BM13XX_FPGAv2\src\uart_comm.v":265)
ERROR (EX3863) : Syntax error near ']'("C:\Users\andre\Documents\FPGA\BM13XX_FPGAv2\src\uart_comm.v":268)
ERROR (EX3863) : Syntax error near 'begin'("C:\Users\andre\Documents\FPGA\BM13XX_FPGAv2\src\uart_comm.v":287)
ERROR (EX2656) : Verilog 2001 keyword 'begin' used in incorrect context("C:\Users\andre\Documents\FPGA\BM13XX_FPGAv2\src\uart_comm.v":287)
ERROR (EX3863) : Syntax error near ';'("C:\Users\andre\Documents\FPGA\BM13XX_FPGAv2\src\uart_comm.v":288)
ERROR (EX3863) : Syntax error near ';'("C:\Users\andre\Documents\FPGA\BM13XX_FPGAv2\src\uart_comm.v":289)
ERROR (EX3863) : Syntax error near ';'("C:\Users\andre\Documents\FPGA\BM13XX_FPGAv2\src\uart_comm.v":291)
ERROR (EX3863) : Syntax error near ';'("C:\Users\andre\Documents\FPGA\BM13XX_FPGAv2\src\uart_comm.v":292)
ERROR (EX3863) : Syntax error near ';'("C:\Users\andre\Documents\FPGA\BM13XX_FPGAv2\src\uart_comm.v":294)
ERROR (EX3863) : Syntax error near ';'("C:\Users\andre\Documents\FPGA\BM13XX_FPGAv2\src\uart_comm.v":295)
Verilog file 'C:\Users\andre\Documents\FPGA\BM13XX_FPGAv2\src\uart_comm.v' ignored due to errors
Analyzing Verilog file 'C:\Users\andre\Documents\FPGA\BM13XX_FPGAv2\src\uart_rx.v'
Analyzing Verilog file 'C:\Users\andre\Documents\FPGA\BM13XX_FPGAv2\src\uart_tx.v'
Analyzing Verilog file 'C:\Users\andre\Documents\FPGA\BM13XX_FPGAv2\src\uart_tx_fifo.v'
GowinSynthesis finish
